<?xml version="1.0" encoding="UTF-8"?>
<!-- Generated by org.testng.reporters.JUnitXMLReporter -->
<testsuite hostname="DESKTOP-8F3NL6J" name="test02" tests="3" failures="0" timestamp="1 Mar 2018 03:23:11 GMT" time="0.024" errors="0">
  <testcase name="testa" time="0.005" classname="tsy.DataDriverFramework.Scripts.testDemo2"/>
  <testcase name="testb" time="0.002" classname="tsy.DataDriverFramework.Scripts.testDemo2"/>
  <testcase name="testab" time="0.003" classname="tsy.DataDriverFramework.Scripts.testDemo2"/>
</testsuite> <!-- test02 -->
