<?xml version="1.0" encoding="UTF-8"?>
<!-- Generated by org.testng.reporters.JUnitXMLReporter -->
<testsuite hostname="DESKTOP-8F3NL6J" name="test01" tests="3" failures="0" timestamp="1 Mar 2018 03:23:11 GMT" time="0.056" errors="0">
  <testcase name="testA" time="0.011" classname="tsy.DataDriverFramework.Scripts.testDemo1"/>
  <testcase name="testAB" time="0.003" classname="tsy.DataDriverFramework.Scripts.testDemo1"/>
  <testcase name="testB" time="0.005" classname="tsy.DataDriverFramework.Scripts.testDemo1"/>
</testsuite> <!-- test01 -->
