<?xml version="1.0" encoding="UTF-8"?>
<testng-results skipped="0" failed="0" total="2" passed="2">
  <reporter-output>
  </reporter-output>
  <suite name="Default suite" duration-ms="15170" started-at="2018-03-10T02:45:31Z" finished-at="2018-03-10T02:45:47Z">
    <groups>
    </groups>
    <test name="Default test" duration-ms="15170" started-at="2018-03-10T02:45:31Z" finished-at="2018-03-10T02:45:47Z">
      <class name="tsy.DataDriverFramework.Scripts.JQueryTest">
        <test-method status="PASS" signature="beforeclass()[pri:0, instance:tsy.DataDriverFramework.Scripts.JQueryTest@30c7da1e]" name="beforeclass" is-config="true" duration-ms="85" started-at="2018-03-10T10:45:31Z" finished-at="2018-03-10T10:45:32Z">
          <reporter-output>
          </reporter-output>
        </test-method> <!-- beforeclass -->
        <test-method status="PASS" signature="beforemethod()[pri:0, instance:tsy.DataDriverFramework.Scripts.JQueryTest@30c7da1e]" name="beforemethod" is-config="true" duration-ms="2983" started-at="2018-03-10T10:45:32Z" finished-at="2018-03-10T10:45:35Z">
          <reporter-output>
          </reporter-output>
        </test-method> <!-- beforemethod -->
        <test-method status="PASS" signature="Test2()[pri:0, instance:tsy.DataDriverFramework.Scripts.JQueryTest@30c7da1e]" name="Test2" duration-ms="6316" started-at="2018-03-10T10:45:35Z" finished-at="2018-03-10T10:45:41Z">
          <reporter-output>
          </reporter-output>
        </test-method> <!-- Test2 -->
        <test-method status="PASS" signature="aftermethod()[pri:0, instance:tsy.DataDriverFramework.Scripts.JQueryTest@30c7da1e]" name="aftermethod" is-config="true" duration-ms="875" started-at="2018-03-10T10:45:41Z" finished-at="2018-03-10T10:45:42Z">
          <reporter-output>
          </reporter-output>
        </test-method> <!-- aftermethod -->
        <test-method status="PASS" signature="beforemethod()[pri:0, instance:tsy.DataDriverFramework.Scripts.JQueryTest@30c7da1e]" name="beforemethod" is-config="true" duration-ms="2314" started-at="2018-03-10T10:45:42Z" finished-at="2018-03-10T10:45:44Z">
          <reporter-output>
          </reporter-output>
        </test-method> <!-- beforemethod -->
        <test-method status="PASS" signature="jqueryTest()[pri:0, instance:tsy.DataDriverFramework.Scripts.JQueryTest@30c7da1e]" name="jqueryTest" duration-ms="1845" started-at="2018-03-10T10:45:44Z" finished-at="2018-03-10T10:45:46Z">
          <reporter-output>
          </reporter-output>
        </test-method> <!-- jqueryTest -->
        <test-method status="PASS" signature="aftermethod()[pri:0, instance:tsy.DataDriverFramework.Scripts.JQueryTest@30c7da1e]" name="aftermethod" is-config="true" duration-ms="730" started-at="2018-03-10T10:45:46Z" finished-at="2018-03-10T10:45:47Z">
          <reporter-output>
          </reporter-output>
        </test-method> <!-- aftermethod -->
      </class> <!-- tsy.DataDriverFramework.Scripts.JQueryTest -->
    </test> <!-- Default test -->
  </suite> <!-- Default suite -->
</testng-results>
